<?xml version="1.0" encoding="UTF-8"?>
<!-- Generated by org.testng.reporters.JUnitReportReporter -->
<testsuite hostname="Shalinis-MacBook-Pro.local" failures="0" tests="1" name="DatabaseTesting.DatabaseTesting.StoredFunctionTest" time="0.084" errors="0" timestamp="2023-12-13T18:42:19 IST" skipped="0">
  <testcase classname="DatabaseTesting.DatabaseTesting.StoredFunctionTest" name="test_callSF_CustomerLevelFromSP" time="0.084"/>
</testsuite> <!-- DatabaseTesting.DatabaseTesting.StoredFunctionTest -->
