<?xml version="1.0" encoding="UTF-8"?>
<!-- Generated by org.testng.reporters.JUnitReportReporter -->
<testsuite hostname="Shalinis-MacBook-Pro.local" failures="0" tests="1" name="DatabaseTesting.DatabaseTesting.DataBaseTesting" time="0.052" errors="0" timestamp="2023-12-13T13:46:05 IST" skipped="0">
  <testcase classname="DatabaseTesting.DatabaseTesting.DataBaseTesting" name="test_StoreProcedureExist_SelectAllCustomers" time="0.052"/>
</testsuite> <!-- DatabaseTesting.DatabaseTesting.DataBaseTesting -->
