<?xml version="1.0" encoding="UTF-8"?>
<!-- Generated by org.testng.reporters.JUnitReportReporter -->
<testsuite hostname="Shalinis-MacBook-Pro.local" failures="0" tests="1" name="DatabaseTesting.DatabaseTesting.DataBaseTesting" time="0.093" errors="0" timestamp="2023-12-13T16:13:30 IST" skipped="0">
  <testcase classname="DatabaseTesting.DatabaseTesting.DataBaseTesting" name="test_callSP_get_order_by_cust" time="0.093"/>
</testsuite> <!-- DatabaseTesting.DatabaseTesting.DataBaseTesting -->
